2018-09-02 21:26:14,700 INFO o.a.j.u.JMeterUtils: Setting Locale to en_EN
2018-09-02 21:26:14,752 INFO o.a.j.JMeter: Loading user properties from: /opt/jmeter/apache-jmeter-4.0/bin/user.properties
2018-09-02 21:26:14,754 INFO o.a.j.JMeter: Loading system properties from: /opt/jmeter/apache-jmeter-4.0/bin/system.properties
2018-09-02 21:26:14,776 INFO o.a.j.JMeter: Copyright (c) 1998-2018 The Apache Software Foundation
2018-09-02 21:26:14,776 INFO o.a.j.JMeter: Version 4.0 r1823414
2018-09-02 21:26:14,776 INFO o.a.j.JMeter: java.version=1.8.0_181
2018-09-02 21:26:14,776 INFO o.a.j.JMeter: java.vm.name=Java HotSpot(TM) 64-Bit Server VM
2018-09-02 21:26:14,776 INFO o.a.j.JMeter: os.name=Linux
2018-09-02 21:26:14,777 INFO o.a.j.JMeter: os.arch=amd64
2018-09-02 21:26:14,777 INFO o.a.j.JMeter: os.version=4.4.0-21-generic
2018-09-02 21:26:14,777 INFO o.a.j.JMeter: file.encoding=UTF-8
2018-09-02 21:26:14,777 INFO o.a.j.JMeter: Max memory     =1073741824
2018-09-02 21:26:14,777 INFO o.a.j.JMeter: Available Processors =1
2018-09-02 21:26:14,788 INFO o.a.j.JMeter: Default Locale=English (EN)
2018-09-02 21:26:14,788 INFO o.a.j.JMeter: JMeter  Locale=English (EN)
2018-09-02 21:26:14,789 INFO o.a.j.JMeter: JMeterHome=/opt/jmeter/apache-jmeter-4.0
2018-09-02 21:26:14,789 INFO o.a.j.JMeter: user.dir  =/opt/jmeter/testApi
2018-09-02 21:26:14,789 INFO o.a.j.JMeter: PWD       =/opt/jmeter/testApi
2018-09-02 21:26:14,789 INFO o.a.j.JMeter: IP: 127.0.1.1 Name: ubuntu FullName: ubuntu
2018-09-02 21:26:14,790 INFO o.a.j.JMeter: Setting property 'jmeter.reportgenerator.outputdir' to:'/opt/jmeter/testApi/testReport'
2018-09-02 21:26:14,793 INFO o.a.j.s.FileServer: Default base='/opt/jmeter/testApi'
2018-09-02 21:26:14,808 INFO o.a.j.s.FileServer: Set new base='/opt/jmeter/testApi'
2018-09-02 21:26:15,126 INFO o.a.j.s.SaveService: Testplan (JMX) version: 2.2. Testlog (JTL) version: 2.2
2018-09-02 21:26:15,155 INFO o.a.j.s.SaveService: Using SaveService properties file encoding UTF-8
2018-09-02 21:26:15,160 INFO o.a.j.s.SaveService: Using SaveService properties version 4.0
2018-09-02 21:26:15,167 INFO o.a.j.s.SaveService: Loading file: test.jmx
2018-09-02 21:26:15,241 INFO o.a.j.p.h.s.HTTPSamplerBase: Parser for text/html is org.apache.jmeter.protocol.http.parser.LagartoBasedHtmlParser
2018-09-02 21:26:15,241 INFO o.a.j.p.h.s.HTTPSamplerBase: Parser for application/xhtml+xml is org.apache.jmeter.protocol.http.parser.LagartoBasedHtmlParser
2018-09-02 21:26:15,241 INFO o.a.j.p.h.s.HTTPSamplerBase: Parser for application/xml is org.apache.jmeter.protocol.http.parser.LagartoBasedHtmlParser
2018-09-02 21:26:15,242 INFO o.a.j.p.h.s.HTTPSamplerBase: Parser for text/xml is org.apache.jmeter.protocol.http.parser.LagartoBasedHtmlParser
2018-09-02 21:26:15,242 INFO o.a.j.p.h.s.HTTPSamplerBase: Parser for text/vnd.wap.wml is org.apache.jmeter.protocol.http.parser.RegexpHTMLParser
2018-09-02 21:26:15,242 INFO o.a.j.p.h.s.HTTPSamplerBase: Parser for text/css is org.apache.jmeter.protocol.http.parser.CssParser
2018-09-02 21:26:15,283 INFO o.a.j.JMeter: Creating summariser <summary>
2018-09-02 21:26:15,295 INFO o.a.j.r.d.ReportGenerator: ReportGenerator will use for Parsing the separator: ','
2018-09-02 21:26:15,295 INFO o.a.j.r.d.ReportGenerator: Will generate report at end of test from  results file: log.jtl
2018-09-02 21:26:15,295 INFO o.a.j.r.d.ReportGenerator: Reading report generator properties from: /opt/jmeter/apache-jmeter-4.0/bin/reportgenerator.properties
2018-09-02 21:26:15,297 INFO o.a.j.r.d.ReportGenerator: Merging with JMeter properties
2018-09-02 21:26:15,307 INFO o.a.j.r.c.ReportGeneratorConfiguration: Property 'jmeter.reportgenerator.temp_dir' not found, using default value 'temp' instead.
2018-09-02 21:26:15,310 INFO o.a.j.r.c.ReportGeneratorConfiguration: Property 'jmeter.reportgenerator.apdex_per_transaction' not found, using default value 'null' instead.
2018-09-02 21:26:15,310 INFO o.a.j.r.c.ReportGeneratorConfiguration: apdex_per_transaction : {} is empty, not APDEX per transaction customization
2018-09-02 21:26:15,314 INFO o.a.j.r.c.ReportGeneratorConfiguration: Property 'jmeter.reportgenerator.sample_filter' not found, using default value 'null' instead.
2018-09-02 21:26:15,314 INFO o.a.j.r.c.ReportGeneratorConfiguration: Property 'jmeter.reportgenerator.report_title' not found, using default value 'null' instead.
2018-09-02 21:26:15,314 INFO o.a.j.r.c.ReportGeneratorConfiguration: Property 'jmeter.reportgenerator.start_date' not found, using default value 'null' instead.
2018-09-02 21:26:15,317 INFO o.a.j.r.c.ReportGeneratorConfiguration: Property 'jmeter.reportgenerator.end_date' not found, using default value 'null' instead.
2018-09-02 21:26:15,318 INFO o.a.j.r.c.ReportGeneratorConfiguration: Property 'jmeter.reportgenerator.date_format' not found, using default value 'null' instead.
2018-09-02 21:26:15,318 INFO o.a.j.r.c.ReportGeneratorConfiguration: Will use date range start date: null, end date: null
2018-09-02 21:26:15,338 INFO o.a.j.r.c.ReportGeneratorConfiguration: Property 'jmeter.reportgenerator.graph.activeThreadsOverTime.exclude_controllers' not found, using default value 'false' instead.
2018-09-02 21:26:15,338 INFO o.a.j.r.c.ReportGeneratorConfiguration: Property 'jmeter.reportgenerator.graph.timeVsThreads.exclude_controllers' not found, using default value 'false' instead.
2018-09-02 21:26:15,338 INFO o.a.j.r.c.ReportGeneratorConfiguration: Property 'jmeter.reportgenerator.graph.responseTimeDistribution.exclude_controllers' not found, using default value 'false' instead.
2018-09-02 21:26:15,338 INFO o.a.j.r.c.ReportGeneratorConfiguration: Property 'jmeter.reportgenerator.graph.transactionsPerSecond.exclude_controllers' not found, using default value 'false' instead.
2018-09-02 21:26:15,339 INFO o.a.j.r.c.ReportGeneratorConfiguration: Property 'jmeter.reportgenerator.graph.responseTimePercentiles.exclude_controllers' not found, using default value 'false' instead.
2018-09-02 21:26:15,340 INFO o.a.j.r.c.ReportGeneratorConfiguration: Property 'jmeter.reportgenerator.graph.responseTimePercentilesOverTime.exclude_controllers' not found, using default value 'false' instead.
2018-09-02 21:26:15,340 INFO o.a.j.r.c.ReportGeneratorConfiguration: Property 'jmeter.reportgenerator.graph.responseTimesOverTime.exclude_controllers' not found, using default value 'false' instead.
2018-09-02 21:26:15,340 INFO o.a.j.r.c.ReportGeneratorConfiguration: Property 'jmeter.reportgenerator.graph.connectTimeOverTime.exclude_controllers' not found, using default value 'false' instead.
2018-09-02 21:26:15,343 INFO o.a.j.r.c.ReportGeneratorConfiguration: Property 'jmeter.reportgenerator.graph.latenciesOverTime.exclude_controllers' not found, using default value 'false' instead.
2018-09-02 21:26:15,344 INFO o.a.j.r.c.ReportGeneratorConfiguration: Property 'jmeter.reportgenerator.exporter.html.filters_only_sample_series' not found, using default value 'true' instead.
2018-09-02 21:26:15,344 INFO o.a.j.r.c.ReportGeneratorConfiguration: Property 'jmeter.reportgenerator.exporter.html.series_filter' not found, using default value '' instead.
2018-09-02 21:26:15,344 INFO o.a.j.r.c.ReportGeneratorConfiguration: Property 'jmeter.reportgenerator.exporter.html.show_controllers_only' not found, using default value 'false' instead.
2018-09-02 21:26:15,350 INFO o.a.j.e.StandardJMeterEngine: Running the test!
2018-09-02 21:26:15,352 INFO o.a.j.s.SampleEvent: List of sample_variables: []
2018-09-02 21:26:15,353 INFO o.a.j.s.SampleEvent: List of sample_variables: []
2018-09-02 21:26:15,364 INFO o.a.j.e.u.CompoundVariable: Note: Function class names must contain the string: '.functions.'
2018-09-02 21:26:15,366 INFO o.a.j.e.u.CompoundVariable: Note: Function class names must not contain the string: '.gui.'
2018-09-02 21:26:16,292 INFO o.a.j.JMeter: Running test (1535948776292)
2018-09-02 21:26:16,345 INFO o.a.j.e.StandardJMeterEngine: Starting ThreadGroup: 1 : Thread Group
2018-09-02 21:26:16,345 INFO o.a.j.e.StandardJMeterEngine: Starting 1 threads for group Thread Group.
2018-09-02 21:26:16,345 INFO o.a.j.e.StandardJMeterEngine: Thread will continue on error
2018-09-02 21:26:16,345 INFO o.a.j.t.ThreadGroup: Starting thread group... number=1 threads=1 ramp-up=1 perThread=1000.0 delayedStart=false
2018-09-02 21:26:16,364 INFO o.a.j.t.ThreadGroup: Started thread group number 1
2018-09-02 21:26:16,364 INFO o.a.j.e.StandardJMeterEngine: All thread groups have been started
2018-09-02 21:26:16,367 INFO o.a.j.t.JMeterThread: Thread started: Thread Group 1-1
2018-09-02 21:26:16,395 INFO o.a.j.p.h.s.HTTPHCAbstractImpl: Local host = ubuntu
2018-09-02 21:26:16,400 INFO o.a.j.p.h.s.HTTPHC4Impl: HTTP request retry count = 0
2018-09-02 21:26:16,406 INFO o.a.j.s.SampleResult: Note: Sample TimeStamps are START times
2018-09-02 21:26:16,406 INFO o.a.j.s.SampleResult: sampleresult.default.encoding is set to ISO-8859-1
2018-09-02 21:26:16,406 INFO o.a.j.s.SampleResult: sampleresult.useNanoTime=true
2018-09-02 21:26:16,406 INFO o.a.j.s.SampleResult: sampleresult.nanoThreadSleep=5000
2018-09-02 21:26:16,707 INFO o.a.j.t.JMeterThread: Thread is done: Thread Group 1-1
2018-09-02 21:26:16,707 INFO o.a.j.t.JMeterThread: Thread finished: Thread Group 1-1
2018-09-02 21:26:16,708 INFO o.a.j.e.StandardJMeterEngine: Notifying test listeners of end of test
2018-09-02 21:26:16,709 INFO o.a.j.r.Summariser: summary =      1 in 00:00:00 =    2.4/s Avg:   198 Min:   198 Max:   198 Err:     0 (0.00%)
2018-09-02 21:26:16,709 INFO o.a.j.JMeter: Generating Dashboard
2018-09-02 21:26:16,709 INFO o.a.j.r.d.ReportGenerator: Flushing result collector before report Generation
2018-09-02 21:26:16,818 INFO o.a.j.r.p.NormalizerSampleConsumer: Using format, 'ms', to parse timeStamp field
2018-09-02 21:26:17,024 INFO o.a.j.r.p.AbstractSampleConsumer: class org.apache.jmeter.report.processor.AggregateConsumer#stopProducing(): beginDate produced 0 samples
2018-09-02 21:26:17,025 INFO o.a.j.r.p.AbstractSampleConsumer: class org.apache.jmeter.report.processor.AggregateConsumer#stopProducing(): endDate produced 0 samples
2018-09-02 21:26:17,027 INFO o.a.j.r.p.AbstractSampleConsumer: class org.apache.jmeter.report.processor.ApdexSummaryConsumer#stopProducing(): apdexSummary produced 0 samples
2018-09-02 21:26:17,027 INFO o.a.j.r.p.AbstractSampleConsumer: class org.apache.jmeter.report.processor.RequestsSummaryConsumer#stopProducing(): requestsSummary produced 0 samples
2018-09-02 21:26:17,030 INFO o.a.j.r.p.AbstractSampleConsumer: class org.apache.jmeter.report.processor.StatisticsSummaryConsumer#stopProducing(): statisticsSummary produced 0 samples
2018-09-02 21:26:17,079 INFO o.a.j.r.p.AbstractSampleConsumer: class org.apache.jmeter.report.processor.Top5ErrorsBySamplerConsumer#stopProducing(): top5ErrorsBySampler produced 0 samples
2018-09-02 21:26:17,079 INFO o.a.j.r.p.AbstractSampleConsumer: class org.apache.jmeter.report.processor.ErrorsSummaryConsumer#stopProducing(): errorsSummary produced 0 samples
2018-09-02 21:26:17,080 INFO o.a.j.r.p.AbstractSampleConsumer: class org.apache.jmeter.report.processor.graph.impl.HitsPerSecondGraphConsumer#stopProducing(): hitsPerSecond produced 0 samples
2018-09-02 21:26:17,119 INFO o.a.j.r.p.AbstractSampleConsumer: class org.apache.jmeter.report.processor.graph.impl.LatencyVSRequestGraphConsumer#stopProducing(): latencyVsRequest produced 0 samples
2018-09-02 21:26:17,119 INFO o.a.j.r.p.AbstractSampleConsumer: class org.apache.jmeter.report.processor.graph.impl.SyntheticResponseTimeDistributionGraphConsumer#stopProducing(): syntheticResponseTimeDistribution produced 0 samples
2018-09-02 21:26:17,120 INFO o.a.j.r.p.AbstractSampleConsumer: class org.apache.jmeter.report.processor.graph.impl.BytesThroughputGraphConsumer#stopProducing(): bytesThroughputOverTime produced 0 samples
2018-09-02 21:26:17,120 INFO o.a.j.r.p.AbstractSampleConsumer: class org.apache.jmeter.report.processor.graph.impl.CodesPerSecondGraphConsumer#stopProducing(): codesPerSecond produced 0 samples
2018-09-02 21:26:17,136 INFO o.a.j.r.p.AbstractSampleConsumer: class org.apache.jmeter.report.processor.graph.impl.ResponseTimeVSRequestGraphConsumer#stopProducing(): responseTimeVsRequest produced 0 samples
2018-09-02 21:26:17,136 INFO o.a.j.r.p.AbstractSampleConsumer: class org.apache.jmeter.report.processor.FilterConsumer#stopProducing(): startIntervalControlerFilter produced 7 samples
2018-09-02 21:26:17,136 INFO o.a.j.r.p.AbstractSampleConsumer: class org.apache.jmeter.report.processor.graph.impl.ActiveThreadsGraphConsumer#stopProducing(): activeThreadsOverTime produced 0 samples
2018-09-02 21:26:17,136 INFO o.a.j.r.p.AbstractSampleConsumer: class org.apache.jmeter.report.processor.graph.impl.TimeVSThreadGraphConsumer#stopProducing(): timeVsThreads produced 0 samples
2018-09-02 21:26:17,137 INFO o.a.j.r.p.AbstractSampleConsumer: class org.apache.jmeter.report.processor.graph.impl.ResponseTimeDistributionGraphConsumer#stopProducing(): responseTimeDistribution produced 0 samples
2018-09-02 21:26:17,137 INFO o.a.j.r.p.AbstractSampleConsumer: class org.apache.jmeter.report.processor.graph.impl.TransactionsPerSecondGraphConsumer#stopProducing(): transactionsPerSecond produced 0 samples
2018-09-02 21:26:17,138 INFO o.a.j.r.p.AbstractSampleConsumer: class org.apache.jmeter.report.processor.graph.impl.ResponseTimePercentilesGraphConsumer#stopProducing(): responseTimePercentiles produced 0 samples
2018-09-02 21:26:17,142 INFO o.a.j.r.p.AbstractSampleConsumer: class org.apache.jmeter.report.processor.graph.impl.ResponseTimePercentilesOverTimeGraphConsumer#stopProducing(): responseTimePercentilesOverTime produced 0 samples
2018-09-02 21:26:17,142 INFO o.a.j.r.p.AbstractSampleConsumer: class org.apache.jmeter.report.processor.graph.impl.ResponseTimeOverTimeGraphConsumer#stopProducing(): responseTimesOverTime produced 0 samples
2018-09-02 21:26:17,142 INFO o.a.j.r.p.AbstractSampleConsumer: class org.apache.jmeter.report.processor.graph.impl.ConnectTimeOverTimeGraphConsumer#stopProducing(): connectTimeOverTime produced 0 samples
2018-09-02 21:26:17,142 INFO o.a.j.r.p.AbstractSampleConsumer: class org.apache.jmeter.report.processor.graph.impl.LatencyOverTimeGraphConsumer#stopProducing(): latenciesOverTime produced 0 samples
2018-09-02 21:26:17,142 INFO o.a.j.r.p.AbstractSampleConsumer: class org.apache.jmeter.report.processor.FilterConsumer#stopProducing(): nameFilter produced 14 samples
2018-09-02 21:26:17,142 INFO o.a.j.r.p.AbstractSampleConsumer: class org.apache.jmeter.report.processor.FilterConsumer#stopProducing(): dateRangeFilter produced 3 samples
2018-09-02 21:26:17,143 INFO o.a.j.r.p.AbstractSampleConsumer: class org.apache.jmeter.report.processor.NormalizerSampleConsumer#stopProducing(): normalizer produced 1 samples
2018-09-02 21:26:17,143 INFO o.a.j.r.p.CsvFileSampleSource: produce(): 1 samples produced in 271ms on channel 0
2018-09-02 21:26:17,144 INFO o.a.j.r.d.ReportGenerator: Exporting data using exporter:'html' of className:'org.apache.jmeter.report.dashboard.HtmlTemplateExporter'
2018-09-02 21:26:17,162 INFO o.a.j.r.d.HtmlTemplateExporter: Will generate dashboard in folder: /opt/jmeter/testApi/testReport
2018-09-02 21:26:17,381 INFO o.a.j.r.d.HtmlTemplateExporter: Report will be generated in: /opt/jmeter/testApi/testReport, creating folder structure
2018-09-02 21:26:18,065 INFO o.a.j.JMeter: Dashboard generated
